{
  "RSpec": {
    "coverage": {
      "/Users/brennastuart/Documents/Turing/1-mod/6-week/enigma/spec/enigma_spec.rb": {
        "lines": [
          1,
          0,
          null,
          null,
          null,
          null,
          null,
          null,
          0,
          0,
          0,
          0,
          0,
          null,
          0,
          0,
          null,
          null,
          0,
          0,
          null,
          null,
          null,
          null,
          0,
          null,
          null,
          null,
          null,
          null,
          null,
          0,
          0,
          0,
          null,
          null,
          null,
          null,
          null,
          null,
          0,
          0,
          null,
          null,
          null,
          null,
          null,
          null,
          0,
          0,
          0,
          0,
          null,
          null,
          null,
          null,
          null,
          null,
          0,
          0,
          0,
          0,
          null,
          null,
          null,
          null,
          null,
          null,
          null,
          null,
          null,
          null,
          null,
          null,
          null,
          null,
          null,
          null,
          null,
          null,
          null,
          null
        ]
      },
      "/Users/brennastuart/Documents/Turing/1-mod/6-week/enigma/lib/helper.rb": {
        "lines": [
          1,
          1,
          1,
          1,
          0
        ]
      },
      "/Users/brennastuart/Documents/Turing/1-mod/6-week/enigma/lib/enigma.rb": {
        "lines": [
          1,
          1,
          null,
          1,
          1,
          null,
          1,
          1,
          1,
          null,
          1,
          null,
          null,
          null,
          null,
          null,
          1,
          1,
          1,
          1,
          1,
          1,
          null,
          null,
          1,
          1,
          null,
          null,
          1,
          1,
          1,
          0,
          null,
          0,
          null,
          null,
          1,
          0,
          0,
          null,
          null,
          1,
          0,
          0,
          0,
          null,
          0,
          null,
          null
        ]
      },
      "/Users/brennastuart/Documents/Turing/1-mod/6-week/enigma/lib/cryptable.rb": {
        "lines": [
          1,
          1,
          4,
          null,
          null,
          1,
          1,
          null,
          null,
          1,
          24,
          24,
          20,
          null,
          null,
          1,
          4,
          null,
          null,
          1,
          4,
          null,
          null,
          1,
          4,
          null,
          null,
          1,
          4,
          null,
          null,
          1,
          1,
          5,
          5,
          null,
          null,
          1,
          1,
          1,
          31,
          124,
          19,
          105,
          105,
          0,
          0,
          null,
          124,
          null,
          null,
          1,
          null,
          null,
          1,
          1,
          1,
          1,
          1,
          null,
          null,
          1,
          0,
          null,
          null
        ]
      },
      "/Users/brennastuart/Documents/Turing/1-mod/6-week/enigma/lib/encrypt.rb": {
        "lines": [
          1,
          null,
          1,
          null,
          1,
          1,
          1,
          1,
          null,
          1,
          1,
          null,
          null,
          1,
          1
        ]
      }
    },
    "timestamp": 1654991464
  }
}
